1586146105290	mozrunner::runner	INFO	Running command: "C:\\Program Files\\Mozilla Firefox\\firefox.exe" "-marionette" "--headless" "-foreground" "-no-remote" "-profile" "C:\\Users\\edw19b\\AppData\\Local\\Temp\\rust_mozprofileFYvNU4"
*** You are running in headless mode.
1586146105809	addons.webextension.screenshots@mozilla.org	WARN	Loading extension 'screenshots@mozilla.org': Reading manifest: Invalid extension permission: mozillaAddons
1586146105809	addons.webextension.screenshots@mozilla.org	WARN	Loading extension 'screenshots@mozilla.org': Reading manifest: Invalid extension permission: telemetry
1586146105809	addons.webextension.screenshots@mozilla.org	WARN	Loading extension 'screenshots@mozilla.org': Reading manifest: Invalid extension permission: resource://pdf.js/
1586146105810	addons.webextension.screenshots@mozilla.org	WARN	Loading extension 'screenshots@mozilla.org': Reading manifest: Invalid extension permission: about:reader*
JavaScript error: undefined, line 14: Error: An unexpected error occurred
JavaScript error: moz-extension://dd155ded-da02-4869-a7bd-8f454f44f8a5/lib/picture_in_picture_overrides.js, line 15: Error: Incorrect argument types for pictureInPictureParent.setOverrides.
JavaScript error: resource:///modules/sessionstore/SessionStore.jsm, line 1325: uncaught exception: 2147746065
1586146107695	Marionette	INFO	Listening on port 53024
1586146108044	Marionette	WARN	TLS certificate errors will be ignored for this session
JavaScript warning: https://nexus.ensighten.com/dell/eSupport/code/26471b907e9ee7bc95cc43eb9e194a9a.js?conditionId0=421951, line 0: Successfully compiled asm.js code (total compilation time 1ms)
1586146118768	Marionette	INFO	Stopped listening on port 53024
[Parent 9624, Gecko_IOThread] WARNING: pipe error: 109: file z:/task_1585891022/build/src/ipc/chromium/src/chrome/common/ipc_channel_win.cc, line 341
[Child 9484, Chrome_ChildThread] WARNING: pipe error: 232: file z:/task_1585891022/build/src/ipc/chromium/src/chrome/common/ipc_channel_win.cc, line 502
[Child 9484, Chrome_ChildThread] WARNING: pipe error: 109: file z:/task_1585891022/build/src/ipc/chromium/src/chrome/common/ipc_channel_win.cc, line 341
[Child 9484, [Parent 9624, Gecko_IOThread] WARNING: pipe error: 109: file z:/task_1585891022/build/src/ipc/chromium/src/chrome/common/ipc_channel_win.cc, line 341
[Child 15488, Chrome_ChildThread] WARNING: pipe error: 109: file z:/task_1585891022/build/src/ipc/chromium/src/chrome/common/ipc_channel_win.cc, line 341
[Child 154881586147886663	mozrunner::runner	INFO	Running command: "C:\\Program Files\\Mozilla Firefox\\firefox.exe" "-marionette" "--headless" "-foreground" "-no-remote" "-profile" "C:\\Users\\edw19b\\AppData\\Local\\Temp\\rust_mozprofileV8Frgv"
*** You are running in headless mode.
1586147887035	addons.webextension.screenshots@mozilla.org	WARN	Loading extension 'screenshots@mozilla.org': Reading manifest: Invalid extension permission: mozillaAddons
1586147887035	addons.webextension.screenshots@mozilla.org	WARN	Loading extension 'screenshots@mozilla.org': Reading manifest: Invalid extension permission: telemetry
1586147887035	addons.webextension.screenshots@mozilla.org	WARN	Loading extension 'screenshots@mozilla.org': Reading manifest: Invalid extension permission: resource://pdf.js/
1586147887035	addons.webextension.screenshots@mozilla.org	WARN	Loading extension 'screenshots@mozilla.org': Reading manifest: Invalid extension permission: about:reader*
JavaScript error: undefined, line 14: Error: An unexpected error occurred
JavaScript error: moz-extension://998eaa24-a4f5-4f4a-9020-4378e898f8a9/lib/picture_in_picture_overrides.js, line 15: Error: Incorrect argument types for pictureInPictureParent.setOverrides.
JavaScript error: resource:///modules/sessionstore/SessionStore.jsm, line 1325: uncaught exception: 2147746065
1586147888340	Marionette	INFO	Listening on port 53810
1586147888793	Marionette	WARN	TLS certificate errors will be ignored for this session
JavaScript warning: https://nexus.ensighten.com/dell/eSupport/code/26471b907e9ee7bc95cc43eb9e194a9a.js?conditionId0=421951, line 0: Successfully compiled asm.js code (total compilation time 2ms)
1586147897768	Marionette	INFO	Stopped listening on port 53810
[Child 4012, Chrome_ChildThread] WARNING: pipe error: 109: file z:/task_1585891022/build/src/ipc/chromium/src/chrome/common/ipc_channel_win.cc, line 341
[Child 4012,[Child 3608, Chrome_ChildTh[Child 16940, Chrome_ChildThread] WARNING: pipe error: 109: file z:/task_1585891022/build/src/ipc/chromium/src/chrome/common/ipc_channel_win.cc, line 341
[Child 16940,